[debug] [2023-09-24T06:17:46.342Z] ----------------------------------------------------------------------
[debug] [2023-09-24T06:17:46.343Z] Command:       C:\Program Files\nodejs\node.exe C:\Users\cyh63\AppData\Roaming\npm\node_modules\firebase-tools\lib\bin\firebase.js init hosting
[debug] [2023-09-24T06:17:46.344Z] CLI Version:   12.5.4
[debug] [2023-09-24T06:17:46.344Z] Platform:      win32
[debug] [2023-09-24T06:17:46.344Z] Node Version:  v18.18.0
[debug] [2023-09-24T06:17:46.345Z] Time:          Sun Sep 24 2023 15:17:46 GMT+0900 (대한민국 표준시)
[debug] [2023-09-24T06:17:46.345Z] ----------------------------------------------------------------------
[debug] 
[debug] [2023-09-24T06:17:46.420Z] > command requires scopes: ["email","openid","https://www.googleapis.com/auth/cloudplatformprojects.readonly","https://www.googleapis.com/auth/firebase","https://www.googleapis.com/auth/cloud-platform"]
[debug] [2023-09-24T06:17:46.421Z] > authorizing via signed-in user (cyh6327@gmail.com)
[info] 
     ######## #### ########  ######## ########     ###     ######  ########
     ##        ##  ##     ## ##       ##     ##  ##   ##  ##       ##
     ######    ##  ########  ######   ########  #########  ######  ######
     ##        ##  ##    ##  ##       ##     ## ##     ##       ## ##
     ##       #### ##     ## ######## ########  ##     ##  ######  ########

You're about to initialize a Firebase project in this directory:

  C:\workspace-springboot\bookMemory

Before we get started, keep in mind:

  * You are currently outside your home directory
  * You are initializing within an existing Firebase project directory

